<?xml version="1.0" encoding="UTF-8"?>
<!-- Generated by org.testng.reporters.JUnitReportReporter -->
<testsuite hostname="LAPTOP-KRFG0B0G" failures="0" tests="1" name="com.feb16.salesforce.sfdcAutomation" time="14.407" errors="0" timestamp="2023-03-20T17:59:13 PDT" skipped="0">
  <testcase classname="com.feb16.salesforce.sfdcAutomation" name="SaveNewContactButton" time="14.407"/>
  <system-out/>
</testsuite> <!-- com.feb16.salesforce.sfdcAutomation -->
